<?xml version="1.0" encoding="UTF-8"?>
<!-- Generated by org.testng.reporters.JUnitReportReporter -->
<testsuite hostname="LAPTOP-5A2LCLV5" failures="0" tests="1" name="com.tmb.tests.LoginPageTest" time="9.417" errors="0" timestamp="2024-05-25T00:00:25 IST" skipped="0">
  <testcase classname="com.tmb.tests.LoginPageTest" name="test1" time="9.417"/>
  <system-out/>
</testsuite> <!-- com.tmb.tests.LoginPageTest -->
